1524777654086	geckodriver	INFO	geckodriver 0.20.1
1524777654112	geckodriver	INFO	Listening on 127.0.0.1:7300
1524777657040	mozrunner::runner	INFO	Running command: "C:\\Program Files\\Mozilla Firefox\\firefox.exe" "-marionette" "-profile" "C:\\Users\\acer\\AppData\\Local\\Temp\\rust_mozprofile.rhMFoYu34k6f"
1524777918089	geckodriver	INFO	geckodriver 0.20.1
1524777918115	geckodriver	INFO	Listening on 127.0.0.1:7424
1524777921122	mozrunner::runner	INFO	Running command: "C:\\Program Files\\Mozilla Firefox\\firefox.exe" "-marionette" "-profile" "C:\\Users\\acer\\AppData\\Local\\Temp\\rust_mozprofile.b9iod4eaJiQB"
1524777923886	Marionette	INFO	Enabled via --marionette
Unable to read VR Path Registry from C:\Users\acer\AppData\Local\openvr\openvrpaths.vrpath
[Child 5104, Chrome_ChildThread] WARNING: pipe error: 109: file z:/build/build/src/ipc/chromium/src/chrome/common/ipc_channel_win.cc, line 346
[Child 5104, Chrome_ChildThread] WARNING: pipe error: 109: file z:/build/build/src/ipc/chromium/src/chrome/common/ipc_channel_win.cc, line 346
1524777930266	Marionette	INFO	Listening on port 7432
1524777930852	Marionette	WARN	TLS certificate errors will be ignored for this session
1524777931190	Marionette	DEBUG	Register listener.js for window 4294967297
1524777931281	Marionette	DEBUG	Received DOM event "beforeunload" for "about:blank"
1524777932399	Marionette	DEBUG	Received DOM event "pagehide" for "about:blank"
1524777932400	Marionette	DEBUG	Received DOM event "unload" for "about:blank"
1524777933535	Marionette	DEBUG	Received DOM event "DOMContentLoaded" for "https://www.google.co.in/"
1524777935695	Marionette	DEBUG	Received DOM event "pageshow" for "https://www.google.co.in/"
Unable to read VR Path Registry from C:\Users\acer\AppData\Local\openvr\openvrpaths.vrpath
[Parent 7764, Gecko_IOThread] WARNING: pipe error: 109: file z:/build/build/src/ipc/chromium/src/chrome/common/ipc_channel_win.cc, line 346
[Parent 7764, Gecko_IOThread] WARNING: pipe error: 109: file z:/build/build/src/ipc/chromium/src/chrome/common/ipc_channel_win.cc, Unable to read VR Path Registry from C:\Users\acer\AppData\Local\openvr\openvrpaths.vrpath
[Child 6668, Chrome_ChildThread] WARNING: pipe error: 109: file z:/build/build/src/ipc/chromium/src/chrome/common/ipc_channel_win.cc, line 346
1524777954547	Marionette	INFO	Listening on port 7480
1524777955083	Marionette	WARN	TLS certificate errors will be ignored for this session
1524777955282	Marionette	DEBUG	Register listener.js for window 4294967297
1524777955363	Marionette	DEBUG	Received DOM event "beforeunload" for "about:blank"
1524777956854	Marionette	DEBUG	Received DOM event "pagehide" for "about:blank"
1524777956855	Marionette	DEBUG	Received DOM event "unload" for "about:blank"
1524777957426	Marionette	DEBUG	Received DOM event "DOMContentLoaded" for "https://www.google.co.in/"
1524777959346	Marionette	DEBUG	Received DOM event "pageshow" for "https://www.google.co.in/"
Unable to read VR Path Registry from C:\Users\acer\AppData\Local\openvr\openvrpaths.vrpath
[Parent 6928, Gecko_IOThread] WARNING: pipe error: 109: file z:/build/build/src/ipc/chromium/src/chrome/common/ipc_channel_win.cc, line 346
*** UTM:SVC TimerManager:registerTimer called after profile-before-change notification. Ignoring timer registration for id: telemetry_modules_ping

###!!! [Child][MessageChannel::SendAndWait] Error: Channel error: cannot send/recv

